********************************************************************************
PACKAGE-LOG: 2016-03-18 17:46:16
NOTICE: Do NOT post to public sites or forums 
********************************************************************************
VERSION:	1.1.4
WORDPRESS:	4.4.2
PHP INFO:	5.5.24 | SAPI: apache2handler
SERVER:		Apache/2.4.12 (Unix) OpenSSL/1.0.1m PHP/5.5.24 mod_perl/2.0.8-dev Perl/v5.16.3 
PHP TIME LIMIT: (0) no time limit imposed 
PHP MAX MEMORY: 5000M (512M default) 
MEMORY STACK: 36.25MB 

********************************************************************************
DATABASE:
********************************************************************************
BUILD MODE:   PHP(query limit - 100)
MYSQLTIMEOUT: 5000
MYSQLDUMP:    Not Supported 
TABLES: total:13 | filtered:0 | create:13 
FILTERED: [] 
SQL CREATED: 20160318_miyazaki_56ec3e993d89b8121160318174457_database.sql 
SQL FILE SIZE: 779.24KB (797940) 
SQL FILE TIME: 2016-03-18 17:46:17 
SQL RUNTIME: 0.59 sec. 

******************************************************************************** 
ARCHIVE (ZIP): 
******************************************************************************** 
ARCHIVE DIR:  /Users/jessicaphung/Documents/Websites/www.miyazaki.dev 
ARCHIVE FILE: 20160318_miyazaki_56ec3e993d89b8121160318174457_archive.zip 
FILTERS: *OFF* 
DIRS:  not set 
EXTS:  not set 
---------------------------------------- 
COMPRESSING 
SIZE:	94.73MB 
STATS:	Dirs 889 | Files 7,775 
SQL ADDED: 20160318_miyazaki_56ec3e993d89b8121160318174457_database.sql 
ZipArchive Object
(
    [status] => 0
    [statusSys] => 0
    [numFiles] => 8664
    [filename] => /Users/jessicaphung/Documents/Websites/www.miyazaki.dev/wp-snapshots/tmp/20160318_miyazaki_56ec3e993d89b8121160318174457_archive.zip
    [comment] => 
)
 
COMPRESSION RESULT: '1' 
COMPRESSED SIZE: 64.03MB 
ARCHIVE RUNTIME: 64.60 sec. 
MEMORY STACK: 39.75MB 

******************************************************************************** 
MAKE INSTALLER: 
******************************************************************************** 
Build Start 
Build Finished 
Preping for use 
Template parsed with new data 
Complete [/Users/jessicaphung/Documents/Websites/www.miyazaki.dev/wp-snapshots/tmp/20160318_miyazaki_56ec3e993d89b8121160318174457_installer.php] 
Added to archive 

******************************************************************************** 
INTEGRITY CHECKS: 
******************************************************************************** 
SQL File: 779.24KB 
Installer File: 318.86KB 
Archive File: 64.03MB  

********************************************************************************
RECORD ID:[1]
TOTAL PROCESS RUNTIME: 66.81 sec.
PEAK PHP MEMORY USED: 41.75MB
DONE PROCESSING => 20160318_miyazaki 2016-03-18 17:47:23
 
